Change Component Designator: Old Designator=C7 New Designator=C11
Change Component Designator: Old Designator=C8 New Designator=C12
Change Component Designator: Old Designator=C9 New Designator=C13
Change Component Designator: Old Designator=C10 New Designator=C14
Change Component Designator: Old Designator=C? New Designator=C7
Change Component Designator: Old Designator=C? New Designator=C8
Change Component Designator: Old Designator=C? New Designator=C9
Change Component Designator: Old Designator=C? New Designator=C10
Change Component Designator: Old Designator=D? New Designator=D8
Change Component Designator: Old Designator=Q5 New Designator=Q2
Change Component Designator: Old Designator=Q6 New Designator=Q3
Change Component Designator: Old Designator=R12 New Designator=R13
Change Component Designator: Old Designator=R17 New Designator=R21
Change Component Designator: Old Designator=R18 New Designator=R22
Change Component Designator: Old Designator=R19 New Designator=R23
Change Component Designator: Old Designator=R20 New Designator=R24
Change Component Designator: Old Designator=R21 New Designator=R25
Change Component Designator: Old Designator=R22 New Designator=R26
Change Component Designator: Old Designator=R23 New Designator=R27
Change Component Designator: Old Designator=R24 New Designator=R28
Change Component Designator: Old Designator=R25 New Designator=R29
Change Component Designator: Old Designator=R26 New Designator=R30
Change Component Designator: Old Designator=R27 New Designator=R31
Change Component Designator: Old Designator=R28 New Designator=R32
Change Component Designator: Old Designator=R? New Designator=R12
Change Component Designator: Old Designator=R? New Designator=R17
Change Component Designator: Old Designator=R? New Designator=R18
Change Component Designator: Old Designator=R? New Designator=R19
Change Component Designator: Old Designator=R? New Designator=R20
