Added Pin To Net: NetName=GND Pin=C1-2
Added Pin To Net: NetName=GND Pin=C2-2
Added Pin To Net: NetName=GND Pin=C3-2
Added Pin To Net: NetName=GND Pin=K1-4
Added Pin To Net: NetName=GND Pin=K2-4
Added Pin To Net: NetName=GND Pin=K3-4
Added Pin To Net: NetName=K1 Pin=R22-2
Added Pin To Net: NetName=K1 Pin=U2-34
Added Net: Name=K1
Added Pin To Net: NetName=K2 Pin=R21-2
Added Pin To Net: NetName=K2 Pin=U2-33
Added Net: Name=K2
Added Pin To Net: NetName=K3 Pin=R20-2
Added Pin To Net: NetName=K3 Pin=U2-32
Added Net: Name=K3
Added Pin To Net: NetName=NetC1_1 Pin=C1-1
Added Pin To Net: NetName=NetC1_1 Pin=K1-2
Added Pin To Net: NetName=NetC1_1 Pin=R22-1
Added Net: Name=NetC1_1
Added Pin To Net: NetName=NetC2_1 Pin=C2-1
Added Pin To Net: NetName=NetC2_1 Pin=K2-2
Added Pin To Net: NetName=NetC2_1 Pin=R21-1
Added Net: Name=NetC2_1
Added Pin To Net: NetName=NetC3_1 Pin=C3-1
Added Pin To Net: NetName=NetC3_1 Pin=K3-2
Added Pin To Net: NetName=NetC3_1 Pin=R20-1
Added Net: Name=NetC3_1
