Removed Pin From Net: NetName=D1 Pin=U5-13
Removed Pin From Net: NetName=2C Pin=U5-19
Removed Pin From Net: NetName=D2 Pin=U5-20
Removed Member From Class: ClassName=YW_001 Member=C?
Removed Member From Class: ClassName=YW_001 Member=D?
Removed Member From Class: ClassName=YW_001 Member=R?
Change Component Designator: OldDesignator=C11 NewDesignator=C14
Change Component Designator: OldDesignator=C12 NewDesignator=C15
Change Component Designator: OldDesignator=C13 NewDesignator=C16
Change Component Designator: OldDesignator=C14 NewDesignator=C17
Change Component Designator: OldDesignator=C? NewDesignator=C11
Change Component Designator: OldDesignator=D8 NewDesignator=D9
Change Component Designator: OldDesignator=D? NewDesignator=D8
Change Component Designator: OldDesignator=J? NewDesignator=J1
Change Component Designator: OldDesignator=Q? NewDesignator=Q4
Change Component Designator: OldDesignator=Q? NewDesignator=Q5
Change Component Designator: OldDesignator=R17 NewDesignator=R20
Change Component Designator: OldDesignator=R18 NewDesignator=R22
Change Component Designator: OldDesignator=R19 NewDesignator=R17
Change Component Designator: OldDesignator=R20 NewDesignator=R18
Change Component Designator: OldDesignator=R21 NewDesignator=R24
Change Component Designator: OldDesignator=R22 NewDesignator=R25
Change Component Designator: OldDesignator=R23 NewDesignator=R26
Change Component Designator: OldDesignator=R24 NewDesignator=R31
Change Component Designator: OldDesignator=R25 NewDesignator=R27
Change Component Designator: OldDesignator=R26 NewDesignator=R28
Change Component Designator: OldDesignator=R27 NewDesignator=R29
Change Component Designator: OldDesignator=R28 NewDesignator=R30
Change Component Designator: OldDesignator=R29 NewDesignator=R32
Change Component Designator: OldDesignator=R30 NewDesignator=R33
Change Component Designator: OldDesignator=R31 NewDesignator=R34
Change Component Designator: OldDesignator=R32 NewDesignator=R35
Change Component Designator: OldDesignator=R? NewDesignator=R19
Change Component Designator: OldDesignator=R? NewDesignator=R21
Change Component Designator: OldDesignator=R? NewDesignator=R23
Added Component: Designator=C12(0805C)
Add component (AddParameter): Name = "LatestRevisionDate"; Value = "17-Jul-2002"; VariantName = "[No Variations]"
Add component (AddParameter): Name = "LatestRevisionNote"; Value = "Re-released for DXP Platform."; VariantName = "[No Variations]"
Add component (AddParameter): Name = "PackageDescription"; Value = "Radial Cap, Thru-Hole; 2 Leads; 0.3 in Pin Spacing"; VariantName = "[No Variations]"
Add component (AddParameter): Name = "PackageReference"; Value = "RAD-0.3"; VariantName = "[No Variations]"
Add component (AddParameter): Name = "Published"; Value = "8-Jun-2000"; VariantName = "[No Variations]"
Add component (AddParameter): Name = "Publisher"; Value = "Altium Limited"; VariantName = "[No Variations]"
Add component (AddParameter): Name = "Value"; Value = "0.1uF"; VariantName = "[No Variations]"
Added Component: Designator=C13(0805C)
Add component (AddParameter): Name = "LatestRevisionDate"; Value = "17-Jul-2002"; VariantName = "[No Variations]"
Add component (AddParameter): Name = "LatestRevisionNote"; Value = "Re-released for DXP Platform."; VariantName = "[No Variations]"
Add component (AddParameter): Name = "PackageDescription"; Value = "Radial Cap, Thru-Hole; 2 Leads; 0.3 in Pin Spacing"; VariantName = "[No Variations]"
Add component (AddParameter): Name = "PackageReference"; Value = "RAD-0.3"; VariantName = "[No Variations]"
Add component (AddParameter): Name = "Published"; Value = "8-Jun-2000"; VariantName = "[No Variations]"
Add component (AddParameter): Name = "Publisher"; Value = "Altium Limited"; VariantName = "[No Variations]"
Add component (AddParameter): Name = "Value"; Value = "0.1uF"; VariantName = "[No Variations]"
Added Pin To Net: NetName=GND Pin=C12-1
Added Pin To Net: NetName=GND Pin=C13-1
Added Pin To Net: NetName=5V Pin=C13-2
Added Pin To Net: NetName=5V Pin=J1-1
Added Pin To Net: NetName=GND Pin=J1-4
Added Pin To Net: NetName=D1 Pin=U5-14
Added Pin To Net: NetName=5V Pin=U5-15
Added Pin To Net: NetName=5V Pin=U5-16
Added Pin To Net: NetName=GND Pin=U5-17
Added Pin To Net: NetName=2C Pin=U5-23
Added Pin To Net: NetName=D2 Pin=U5-24
Change Net Name : Old Net Name=NetC11_1 New Net Name=NetC14_1
Change Net Name : Old Net Name=NetC12_1 New Net Name=NetC15_1
Change Net Name : Old Net Name=NetC13_1 New Net Name=NetC16_1
Change Net Name : Old Net Name=NetC14_1 New Net Name=NetC17_1
Change Net Name : Old Net Name=NetC?_1 New Net Name=NetC11_1
Change Net Name : Old Net Name=NetD8_1 New Net Name=NetD8_2
Change Net Name : Old Net Name=NetQ?_1 New Net Name=NetQ4_3
Change Net Name : Old Net Name=NetQ?_3 New Net Name=NetQ5_3
Added Pin To Net: NetName=NetC12_2 Pin=C12-2
Added Pin To Net: NetName=NetC12_2 Pin=U5-13
Added Net: Name=NetC12_2
Added Pin To Net: NetName=RXD0 Pin=J1-2
Added Pin To Net: NetName=RXD0 Pin=U5-19
Added Net: Name=RXD0
Added Pin To Net: NetName=TXD0 Pin=J1-3
Added Pin To Net: NetName=TXD0 Pin=U5-20
Added Net: Name=TXD0
Added Member To Class: ClassName=YW_001 Member=Component C15 104P
Added Member To Class: ClassName=YW_001 Member=Component C16 104P
Added Member To Class: ClassName=YW_001 Member=Component C17 104P
Added Member To Class: ClassName=YW_001 Member=Component D9 CD4148WSP
Added Member To Class: ClassName=YW_001 Member=Component Q4 SW8050
Added Member To Class: ClassName=YW_001 Member=Component R33 2.2k
Added Member To Class: ClassName=YW_001 Member=Component R34 2.2k
Added Member To Class: ClassName=YW_001 Member=Component R35 2.2k
