Removed Pin From Net: NetName=1E Pin=U5-7
Removed Pin From Net: NetName=1DIG1 Pin=U5-21
Change Component Comment : Designator=C1 Old Comment=102 New Comment=1uF
Change Component Comment : Designator=C7 Old Comment=102 New Comment=1uF
Change Component Comment : Designator=C10 Old Comment=102 New Comment=100nF
Change Component Comment : Designator=C11 Old Comment=102 New Comment=100nF
Change Component Comment : Designator=C2 Old Comment=104P New Comment=1uF
Change Component Comment : Designator=C5 Old Comment=104P New Comment=1uF
Change Component Comment : Designator=C12 Old Comment=104P New Comment=100nF
Change Component Comment : Designator=C13 Old Comment=104P New Comment=100nF
Change Component Comment : Designator=C3 Old Comment=470uF450V New Comment=4.7uF450V
Change Component Comment : Designator=R3 Old Comment=Res2 New Comment=1M
Change Component Comment : Designator=R4 Old Comment=Res2 New Comment=1M
Change Component Comment : Designator=R17 Old Comment=Res2 New Comment=2.2k
Change Component Comment : Designator=R6 Old Comment=Res2 New Comment=4.7k
Change Component Comment : Designator=R22 Old Comment=Res2 New Comment=4.7k
Change Component Comment : Designator=R23 Old Comment=Res2 New Comment=4.7k
Change Component Comment : Designator=R7 Old Comment=Res2 New Comment=10k
Change Component Comment : Designator=R12 Old Comment=Res2 New Comment=10k
Change Component Comment : Designator=R19 Old Comment=Res2 New Comment=10k
Change Component Comment : Designator=R21 Old Comment=Res2 New Comment=10k
Change Component Comment : Designator=R20 Old Comment=Res2 New Comment=20k
Change Component Comment : Designator=R8 Old Comment=Res2 New Comment=47k
Change Component Comment : Designator=R10 Old Comment=Res2 New Comment=47k
Change Component Comment : Designator=R14 Old Comment=Res2 New Comment=47k
Change Component Comment : Designator=R15 Old Comment=Res2 New Comment=47k
Change Component Comment : Designator=R16 Old Comment=Res2 New Comment=47k
Change Component Comment : Designator=R9 Old Comment=Res2 New Comment=100
Change Component Comment : Designator=R11 Old Comment=Res2 New Comment=100
Change Component Comment : Designator=R2 Old Comment=Res2 New Comment=100k
Change Component Comment : Designator=R13 Old Comment=Res2 New Comment=240k
Change Component Comment : Designator=R18 Old Comment=Res2 New Comment=470
Change component parameters: Designator = "C10" ("C10"); Footprint = "0805C"; UniqueID = "\WZSATFRP" ("\WZSATFRP")
Change component parameters (AddParameter): Name = "LatestRevisionDate"; Value = "17-Jul-2002"; VariantName = "[No Variations]"
Change component parameters (AddParameter): Name = "LatestRevisionNote"; Value = "Re-released for DXP Platform."; VariantName = "[No Variations]"
Change component parameters (AddParameter): Name = "PackageDescription"; Value = "Radial Cap, Thru-Hole; 2 Leads; 0.3 in Pin Spacing"; VariantName = "[No Variations]"
Change component parameters (AddParameter): Name = "PackageReference"; Value = "RAD-0.3"; VariantName = "[No Variations]"
Change component parameters (AddParameter): Name = "Published"; Value = "8-Jun-2000"; VariantName = "[No Variations]"
Change component parameters (AddParameter): Name = "Publisher"; Value = "Altium Limited"; VariantName = "[No Variations]"
Change component parameters (AddParameter): Name = "Value"; Value = "100nF"; VariantName = "[No Variations]"
Change component parameters: Designator = "C11" ("C11"); Footprint = "0805C"; UniqueID = "\WXPJBWXN" ("\WXPJBWXN")
Change component parameters (AddParameter): Name = "LatestRevisionDate"; Value = "17-Jul-2002"; VariantName = "[No Variations]"
Change component parameters (AddParameter): Name = "LatestRevisionNote"; Value = "Re-released for DXP Platform."; VariantName = "[No Variations]"
Change component parameters (AddParameter): Name = "PackageDescription"; Value = "Radial Cap, Thru-Hole; 2 Leads; 0.3 in Pin Spacing"; VariantName = "[No Variations]"
Change component parameters (AddParameter): Name = "PackageReference"; Value = "RAD-0.3"; VariantName = "[No Variations]"
Change component parameters (AddParameter): Name = "Published"; Value = "8-Jun-2000"; VariantName = "[No Variations]"
Change component parameters (AddParameter): Name = "Publisher"; Value = "Altium Limited"; VariantName = "[No Variations]"
Change component parameters (AddParameter): Name = "Value"; Value = "100nF"; VariantName = "[No Variations]"
Added Pin To Net: NetName=1DIG1 Pin=U5-7
