C51 COMPILER V9.57.0.0   GPIO                                                              09/28/2024 22:48:38 PAGE 1   


C51 COMPILER V9.57.0.0, COMPILATION OF MODULE GPIO
OBJECT MODULE PLACED IN .\Objects\gpio.obj
COMPILER INVOKED BY: D:\Software\WorkSoftware\Keil5\C51\C51\BIN\C51.EXE Hardware\gpio.c OPTIMIZE(8,SPEED) BROWSE INCDIR(
                    -.\User;.\Hardware;.\Startup;.\Readme) DEBUG OBJECTEXTEND PRINT(.\Listings\gpio.lst) TABS(2) OBJECT(.\Objects\gpio.obj)

line level    source

   1          #include "gpio.h"
   2          
   3          void GPIO_Init(void)
   4          {
   5   1          P0M0 = 0x60; P0M1 = 0x00; 
   6   1          P1M0 = 0x08; P1M1 = 0x00; 
   7   1          P2M0 = 0x33; P2M1 = 0x00; 
   8   1          P3M0 = 0x2c; P3M1 = 0x00; 
   9   1          P4M0 = 0x00; P4M1 = 0x00; 
  10   1          P5M0 = 0x05; P5M1 = 0x00; 
  11   1          P6M0 = 0x00; P6M1 = 0x00; 
  12   1          P7M0 = 0x00; P7M1 = 0x00; 
  13   1      
  14   1      
  15   1      }


MODULE INFORMATION:   STATIC OVERLAYABLE
   CODE SIZE        =     39    ----
   CONSTANT SIZE    =   ----    ----
   XDATA SIZE       =   ----    ----
   PDATA SIZE       =   ----    ----
   DATA SIZE        =   ----    ----
   IDATA SIZE       =   ----    ----
   BIT SIZE         =   ----    ----
END OF MODULE INFORMATION.


C51 COMPILATION COMPLETE.  0 WARNING(S),  0 ERROR(S)
