C51 COMPILER V9.59.0.0   KEY                                                               09/30/2024 09:08:10 PAGE 1   


C51 COMPILER V9.59.0.0, COMPILATION OF MODULE KEY
OBJECT MODULE PLACED IN .\Objects\key.obj
COMPILER INVOKED BY: D:\Worksoftware\Keil\ARM\C51\BIN\C51.EXE Hardware\key.c OPTIMIZE(8,SPEED) BROWSE INCDIR(.\User;.\Ha
                    -rdware;.\Startup;.\Readme) DEBUG OBJECTEXTEND PRINT(.\Listings\key.lst) TABS(2) OBJECT(.\Objects\key.obj)

line level    source

   1          #include "key.h"
   2          
   3          unsigned char Key_Scan(void)
   4          {
   5   1        u8 key_value = 0;
   6   1        
   7   1        if(key1 == 0) //童锁
   8   1          return 1;
   9   1        if(key2 == 0) //开水
  10   1          return 2;
  11   1        if(key3 == 0) //常温水
  12   1          return 3;
  13   1        if(key4 == 0) //磁化
  14   1          return 4;
  15   1        
  16   1        return key_value;
  17   1      }
  18          
  19          


MODULE INFORMATION:   STATIC OVERLAYABLE
   CODE SIZE        =     26    ----
   CONSTANT SIZE    =   ----    ----
   XDATA SIZE       =   ----    ----
   PDATA SIZE       =   ----    ----
   DATA SIZE        =   ----    ----
   IDATA SIZE       =   ----    ----
   BIT SIZE         =   ----    ----
END OF MODULE INFORMATION.


C51 COMPILATION COMPLETE.  0 WARNING(S),  0 ERROR(S)
