C51 COMPILER V9.59.0.0   MAIN                                                              09/27/2024 17:14:02 PAGE 1   


C51 COMPILER V9.59.0.0, COMPILATION OF MODULE MAIN
OBJECT MODULE PLACED IN .\Objects\main.obj
COMPILER INVOKED BY: D:\Worksoftware\Keil\ARM\C51\BIN\C51.EXE User\main.c OPTIMIZE(8,SPEED) BROWSE INCDIR(.\User;.\Hardw
                    -are;.\Startup;.\Readme) DEBUG OBJECTEXTEND PRINT(.\Listings\main.lst) TABS(2) OBJECT(.\Objects\main.obj)

line level    source

   1          /*
   2          
   3          Version: 0.0.0
   4          Check out the Readme.txt for more details 
   5           
   6          */
   7           
   8          //系统库
   9          #include "main.h"
  10          #include <stdio.h>
  11          
  12          //外设库
  13          #include "gpio.h"
  14          #include "timer.h"
  15          #include "key.h"
  16          #include "seg.h"
  17          //#include "eeprom.h"
  18          #include "config.h"
  19          
  20          //-----------功能选择区-----------
  21          
  22          
  23          //程序执行函数
  24          void Key_Proc(void);       //Keystroke process function
  25          void Disp_Proc(void);      //LCD Dsiplay process function
  26          
  27          //自定义功能函数 
  28          void Delay(unsigned int delay); //定时器延时 会卡住当前函数，但不会影响整个代码
  29          void Peripheral_Init(void);//外设初始化函数
  30          
  31          //----------------可能需要修改的变量-------------------------------------
  32          
  33          //刷新计数,按键10ms扫描一次,数码管200ms刷新一次
  34          u16 key_slow_down = 0; //按键刷新计数
  35          u16 disp_slow_down = 0; //显示刷新计数
  36          
  37          /*按键相关变量*/
  38          u16 key_tick;        //long key press count
  39          bit key_sw = 1;
  40          bit keylong = 1;
  41          
  42          u8 key_value = 0;       //按键值
  43          u8 key_down;            //按键下降沿
  44          u8 key_up;              //上升沿
  45          u8 key_old;             //上次的按键值
  46          
  47          u16 delay_tick;         //软件延时计数
  48          
  49          /*数码管显示相关变量*/
  50          char seg_string[2];     //数码管显示字符串
  51          char seg_buf[2];        //数码管显示缓冲区
  52          
  53          u8 seg_buf2;            //按键下LED控制 0b0011 1111 1为亮 0为灭
  54          u8 pos = 0;             //数码管段选
C51 COMPILER V9.59.0.0   MAIN                                                              09/27/2024 17:14:02 PAGE 2   

  55          
  56          /*外设相关变量*/
  57          u16 buzzer_tick;        //蜂鸣器短响计数
  58          
  59          void main(){
  60   1        GPIO_Init();      //引脚初始化
  61   1        Timer1_Init();    //定时器初始化
  62   1        EA = 1;           //打开总中断
  63   1        Config_Init();    //初始化配置
  64   1        Peripheral_Init();//外设函数初始状态
  65   1        
  66   1        while(1)
  67   1        {
  68   2          Key_Proc();
  69   2          Disp_Proc();
  70   2          LED1 = 0; 
  71   2        }
  72   1      } 
  73          
  74          //================中断函数=======================
  75          void Timer1_Isr(void) interrupt 3   //1ms 中断一次
  76          {
  77   1        //本中断函数内全是赋值，没有运算，每次中断时间不会过长
  78   1        if(++key_slow_down == 10) key_slow_down = 0;   //10ms扫描一次按键
  79   1        if(++disp_slow_down == 200) disp_slow_down = 0;//200ms刷新一次数码管
  80   1         
  81   1      //--------------------1s定时器---------------------------
  82   1        
  83   1      
  84   1      //--------------------外设控制---------------------------
  85   1        
  86   1        //按键长短按计时
  87   1        if(key_tick > 0) key_tick--;  
  88   1          
  89   1        //软件延时
  90   1        if(delay_tick > 0) delay_tick--;//延时函数 使用会卡住当前函数，但不影响其他功能
  91   1          
  92   1        //数码管段选刷新
  93   1      //  Seg_Disp(seg_buf,pwm_index,seg_buf2,pos);
  94   1      //  if(++pos > 4) pos = 0;
  95   1        
  96   1      }
  97          
  98          //================按键逻辑函数=======================
  99          void Key_Proc(void)        //Keystroke process function
 100          {
 101   1        if(key_slow_down) return;   //10ms进入一次此函数
 102   1          key_slow_down = 1;
 103   1          
 104   1        key_value = Key_Scan(); //读取键值 强制消抖
 105   1        key_down = key_value & (key_value ^ key_old); //下降沿
 106   1        key_up = ~key_value & (key_value ^ key_old);  //上升沿
 107   1        key_old = key_value;
 108   1        
 109   1        if(key_down)       //长按3秒
 110   1          key_tick = 3000;
 111   1        
 112   1         //key_old键值 tick按下计数  long自锁，保证按键代码只触发一次
 113   1        if(key_old && key_tick == 0 && keylong){
 114   2          keylong = 0;    
 115   2          if(key_old == 1){     //长按童锁键    
 116   3            //------按键1长按功能--------
C51 COMPILER V9.59.0.0   MAIN                                                              09/27/2024 17:14:02 PAGE 3   

 117   3            
 118   3            //------按键1长按功能--------       
 119   3          }
 120   2          if(key_old == 4){ //长按磁化键  
 121   3            //------按键4长按功能--------
 122   3      
 123   3            //------按键4长按功能--------   
 124   3          }
 125   2        }
 126   1        
 127   1        if(key_up) //keydown-keyup顺序不能更改
 128   1          keylong = 1;
 129   1        
 130   1        if(key_tick && key_sw){
 131   2          switch(key_up)
 132   2          {
 133   3            case 1://锁键1
 134   3            {     
 135   4              break;
 136   4            }
 137   3            case 2://按键2
 138   3            {
 139   4              break;
 140   4            }
 141   3            case 3://按键3
 142   3            {
 143   4              break;
 144   4            }
 145   3            case 4://按键4
 146   3            {             
 147   4              break;                             
 148   4            }                                    
 149   3            default:                             
 150   3              break;
 151   3          }
 152   2        }
 153   1          
 154   1      }
 155          
 156          //================显示逻辑函数=======================
 157          void Disp_Proc(void)       //LCD Dsiplay process function
 158          {
 159   1        if(disp_slow_down) return;   //200ms进入一次此函数(200ms刷新一次屏幕)
 160   1          disp_slow_down = 1;
 161   1        
 162   1        
 163   1      //  sprintf(seg_string,"%02d",(unsigned int)save_flag); //调试
 164   1          
 165   1      //  sprintf(seg_string,"%2d",(unsigned int)Mode);//显示模式 1=高原模式，出水85°，0=普通模式，出水93°
 166   1        
 167   1      //  Led_Trans(seg_string,seg_buf);
 168   1          
 169   1      }
 170          
 171          //================自定义函数=======================
 172          
 173          //定时器延时 会卡住当前函数，但不会影响整个代码
 174          void Delay(unsigned int delay) 
 175          {
 176   1        delay_tick = delay;
 177   1        while(delay_tick > 0);
 178   1      }
C51 COMPILER V9.59.0.0   MAIN                                                              09/27/2024 17:14:02 PAGE 4   

 179          
 180          /*
 181          tick: 蜂鸣器响的时间ms
 182          */
 183          void Buzzer_Ctrl(u16 tick)  
 184          {
 185   1        buzzer_tick = tick;
 186   1      }
 187          
 188          void Peripheral_Init(void)//外设初始化函数
 189          {
 190   1        Buzzer_Ctrl(200);//上电短响200ms一次
 191   1        seg_buf2 = 0x30;
 192   1       
 193   1      }
 194          


MODULE INFORMATION:   STATIC OVERLAYABLE
   CODE SIZE        =    221    ----
   CONSTANT SIZE    =   ----    ----
   XDATA SIZE       =   ----    ----
   PDATA SIZE       =   ----    ----
   DATA SIZE        =     20    ----
   IDATA SIZE       =   ----    ----
   BIT SIZE         =      2    ----
END OF MODULE INFORMATION.


C51 COMPILATION COMPLETE.  0 WARNING(S),  0 ERROR(S)
