C51 COMPILER V9.59.0.0   TIMER                                                             09/30/2024 09:08:11 PAGE 1   


C51 COMPILER V9.59.0.0, COMPILATION OF MODULE TIMER
OBJECT MODULE PLACED IN .\Objects\timer.obj
COMPILER INVOKED BY: D:\Worksoftware\Keil\ARM\C51\BIN\C51.EXE Hardware\timer.c OPTIMIZE(8,SPEED) BROWSE INCDIR(.\User;.\
                    -Hardware;.\Startup;.\Readme) DEBUG OBJECTEXTEND PRINT(.\Listings\timer.lst) TABS(2) OBJECT(.\Objects\timer.obj)

line level    source

   1          #include "timer.h"
   2          
   3          
   4          void Timer1_Init(void)    //1毫秒@11.0592MHz
   5          {
   6   1        AUXR |= 0x40;     //定时器时钟1T模式
   7   1        TMOD &= 0x0F;     //设置定时器模式
   8   1        TL1 = 0xCD;       //设置定时初始值
   9   1        TH1 = 0xD4;       //设置定时初始值
  10   1        TF1 = 0;        //清除TF1标志
  11   1        TR1 = 1;        //定时器1开始计时
  12   1        ET1 = 1;        //使能定时器1中断
  13   1      }


MODULE INFORMATION:   STATIC OVERLAYABLE
   CODE SIZE        =     19    ----
   CONSTANT SIZE    =   ----    ----
   XDATA SIZE       =   ----    ----
   PDATA SIZE       =   ----    ----
   DATA SIZE        =   ----    ----
   IDATA SIZE       =   ----    ----
   BIT SIZE         =   ----    ----
END OF MODULE INFORMATION.


C51 COMPILATION COMPLETE.  0 WARNING(S),  0 ERROR(S)
