Added Pin To Net: NetName=2DP Pin=U2-1
Added Pin To Net: NetName=2G Pin=U2-2
Added Pin To Net: NetName=2F Pin=U2-3
Added Pin To Net: NetName=2E Pin=U2-4
Added Pin To Net: NetName=2D Pin=U2-5
Added Pin To Net: NetName=2C Pin=U2-6
Added Pin To Net: NetName=2b Pin=U2-7
Added Pin To Net: NetName=2A Pin=U2-8
Added Pin To Net: NetName=2DIG1 Pin=U2-9
Added Pin To Net: NetName=2DIG3 Pin=U2-11
Added Pin To Net: NetName=2DIG4 Pin=U2-12
Added Pin To Net: NetName=1DIG4 Pin=U2-36
Added Pin To Net: NetName=1DIG3 Pin=U2-37
Added Pin To Net: NetName=1DIG2 Pin=U2-38
Added Pin To Net: NetName=1DIG1 Pin=U2-39
Added Pin To Net: NetName=1A Pin=U2-40
Added Pin To Net: NetName=1b Pin=U2-41
Added Pin To Net: NetName=1C Pin=U2-42
Added Pin To Net: NetName=1D Pin=U2-43
Added Pin To Net: NetName=1E Pin=U2-44
Added Pin To Net: NetName=1F Pin=U2-45
Added Pin To Net: NetName=1G Pin=U2-46
Added Pin To Net: NetName=1DP Pin=U2-47
Added Pin To Net: NetName=2DIG2 Pin=U2-10
Added Net: Name=2DIG2
Added Member To Class: ClassName=YW_001 Member=Component R6 10R
Added Member To Class: ClassName=YW_001 Member=Component R7 10R
Added Room: Name=YW_001
