Added Component: Designator=R?(0805)
Add component (AddParameter): Name = "LatestRevisionDate"; Value = "17-Jul-2002"; VariantName = "[No Variations]"
Add component (AddParameter): Name = "LatestRevisionNote"; Value = "Re-released for DXP Platform."; VariantName = "[No Variations]"
Add component (AddParameter): Name = "PackageDescription"; Value = "Axial Device, Thru-Hole; 2 Leads; 0.4 in Pin Spacing"; VariantName = "[No Variations]"
Add component (AddParameter): Name = "PackageReference"; Value = "AXIAL-0.4"; VariantName = "[No Variations]"
Add component (AddParameter): Name = "Published"; Value = "8-Jun-2000"; VariantName = "[No Variations]"
Add component (AddParameter): Name = "Publisher"; Value = "Altium Limited"; VariantName = "[No Variations]"
Add component (AddParameter): Name = "Value"; Value = "10k"; VariantName = "[No Variations]"
Added Pin To Net: NetName=11V+ Pin=C6-1
Added Pin To Net: NetName=11V+ Pin=R?-1
Added Pin To Net: NetName=11V+ Pin=U4-1
Added Pin To Net: NetName=11V+ Pin=D1-1
Added Net: Name=11V+
Added Pin To Net: NetName=11V- Pin=C6-2
Added Pin To Net: NetName=11V- Pin=U4-2
Added Pin To Net: NetName=11V- Pin=USB1-6
Added Net: Name=11V-
Added Pin To Net: NetName=NetDZ1_1 Pin=DZ1-1
Added Pin To Net: NetName=NetDZ1_1 Pin=R?-2
Added Net: Name=NetDZ1_1
Added Member To Class: ClassName=YW_001 Member=Component C1 102
Added Member To Class: ClassName=YW_001 Member=Component C2 104P
Added Member To Class: ClassName=YW_001 Member=Component C4 104P
Added Member To Class: ClassName=YW_001 Member=Component C5 104P
Added Member To Class: ClassName=YW_001 Member=Component C6 1000uF25V
Added Member To Class: ClassName=YW_001 Member=Component D1 RS2M
Added Member To Class: ClassName=YW_001 Member=Component D2 RS2M
Added Member To Class: ClassName=YW_001 Member=Component D3 HLMP-1503-D0000
Added Member To Class: ClassName=YW_001 Member=Component D4 RS2M
Added Member To Class: ClassName=YW_001 Member=Component R2 Res2
Added Member To Class: ClassName=YW_001 Member=Component R3 Res2
Added Member To Class: ClassName=YW_001 Member=Component R4 Res2
Added Member To Class: ClassName=YW_001 Member=Component R5 10k
Added Member To Class: ClassName=YW_001 Member=Component R6 Res2
Added Member To Class: ClassName=YW_001 Member=Component R7 Res2
Added Member To Class: ClassName=YW_001 Member=Component R8 Res2
Added Member To Class: ClassName=YW_001 Member=Component R9 Res2
Added Member To Class: ClassName=YW_001 Member=Component R10 Res2
Added Member To Class: ClassName=YW_001 Member=Component R11 Res2
Added Member To Class: ClassName=YW_001 Member=Component R12 Res2
Added Member To Class: ClassName=YW_001 Member=Component R14 Res2
Added Member To Class: ClassName=YW_001 Member=Component R15 Res2
Added Member To Class: ClassName=YW_001 Member=Component R? Res2
Added Member To Class: ClassName=YW_001 Member=Component U1 EL817S1(C)(TU)-F
Added Member To Class: ClassName=YW_001 Member=Component U2 BUZZER
Added Room: Name=YW_001
