Removed Pin From Net: NetName=NetC?_1 Pin=C?-1
Removed Pin From Net: NetName=NetC?_1 Pin=R?-1
Removed Pin From Net: NetName=NetC?_1 Pin=USB?-1
Added Component: Designator=C?(CAP-TH_BD10.0-P5.00-D1.0-FD)
Added Component: Designator=D?(SMA-SMD_L4.4-W2.7-LS5.4-RD)
Added Pin To Net: NetName=NetB1_3 Pin=C?-1
Added Pin To Net: NetName=NetC?_1 Pin=C?-1
Added Pin To Net: NetName=NetC?_1 Pin=D?-1
Added Pin To Net: NetName=NetB1_3 Pin=R?-1
Added Pin To Net: NetName=NetB1_3 Pin=USB?-1
Add Net: Net with name "NetC?_2" already exists
Add Net: Net with name "NetC?_2" already exists
Add Net: Net with name "NetD?_1" already exists
Added Member To Class: ClassName=YW_001 Member=Component C? 104P
Added Member To Class: ClassName=YW_001 Member=Component C? 102
Added Member To Class: ClassName=YW_001 Member=Component D? RS2M
Added Member To Class: ClassName=YW_001 Member=Component R? Res2
Added Member To Class: ClassName=YW_001 Member=Component R? Res2
Added Member To Class: ClassName=YW_001 Member=Component R? Res2
Added Member To Class: ClassName=YW_001 Member=Component R? Res2
Added Member To Class: ClassName=YW_001 Member=Component R? Res2
Added Member To Class: ClassName=YW_001 Member=Component R? Res2
Added Member To Class: ClassName=YW_001 Member=Component R? Res2
Added Member To Class: ClassName=YW_001 Member=Component R? Res2
Added Room: Name=YW_001
