Removed Member From Class: ClassName=YW_001 Member=C6
Change Component Designator: OldDesignator=C1 NewDesignator=C3
Change Component Designator: OldDesignator=C3 NewDesignator=C5
Change Component Designator: OldDesignator=C6 NewDesignator=C1
Change Component Designator: OldDesignator=H? NewDesignator=H1
Change Component Designator: OldDesignator=K1 NewDesignator=K2
Change Component Designator: OldDesignator=K2 NewDesignator=K1
Change Component Designator: OldDesignator=K3 NewDesignator=K4
Change Component Designator: OldDesignator=K4 NewDesignator=K3
Change Component Designator: OldDesignator=L NewDesignator=L1
Change Component Designator: OldDesignator=N NewDesignator=N1
Change Component Designator: OldDesignator=PE NewDesignator=PE1
Change Component Designator: OldDesignator=R19 NewDesignator=R6
Change Component Designator: OldDesignator=R20 NewDesignator=R7
Change Component Designator: OldDesignator=R21 NewDesignator=R4
Change Component Designator: OldDesignator=R22 NewDesignator=R5
Change Component Designator: OldDesignator=R36 NewDesignator=R3
Change Component Designator: OldDesignator=U2 NewDesignator=U1
Added Component: Designator=LED1(LED-SEG-TH_12P-L30.0-W14.0-P2.54-S10.16-BL)
Add component (AddParameter): Name = "Add into BOM"; Value = "yes"; VariantName = "[No Variations]"
Add component (AddParameter): Name = "Convert to PCB"; Value = "yes"; VariantName = "[No Variations]"
Add component (AddParameter): Name = "Datasheet"; Value = "https://atta.szlcsc.com/upload/public/pdf/source/20121231/1457706574766.pdf"; VariantName = "[No Variations]"
Add component (AddParameter): Name = "Device"; Value = "FJ3461AH"; VariantName = "[No Variations]"
Add component (AddParameter): Name = "Digit/Alpha Size(inch)"; Value = "0.36"; VariantName = "[No Variations]"
Add component (AddParameter): Name = "Display Type"; Value = "-"; VariantName = "[No Variations]"
Add component (AddParameter): Name = "JLCPCB Part Class"; Value = "Extended Part"; VariantName = "[No Variations]"
Add component (AddParameter): Name = "LCSC Part Name"; Value = "4位0.36英寸红色数码管 共阴极"; VariantName = "[No Variations]"
Add component (AddParameter): Name = "LED Polarity"; Value = "共阴极"; VariantName = "[No Variations]"
Add component (AddParameter): Name = "Luminous Color"; Value = "红色"; VariantName = "[No Variations]"
Add component (AddParameter): Name = "Manufacturer"; Value = "志浩"; VariantName = "[No Variations]"
Add component (AddParameter): Name = "Manufacturer Part"; Value = "FJ3461AH"; VariantName = "[No Variations]"
Add component (AddParameter): Name = "Module Size"; Value = "30mmx14mmx7.2mm"; VariantName = "[No Variations]"
Add component (AddParameter): Name = "Number of Characters"; Value = "4位"; VariantName = "[No Variations]"
Add component (AddParameter): Name = "Power Dissipation"; Value = "-"; VariantName = "[No Variations]"
Add component (AddParameter): Name = "Supplier"; Value = "LCSC"; VariantName = "[No Variations]"
Add component (AddParameter): Name = "Supplier Footprint"; Value = "插件"; VariantName = "[No Variations]"
Add component (AddParameter): Name = "Supplier Part"; Value = "C10708"; VariantName = "[No Variations]"
Add component (AddParameter): Name = "Symbol"; Value = "FJ3461AH"; VariantName = "[No Variations]"
Added Component: Designator=LED?(LED-SEG-TH_12P-L30.0-W14.0-P2.54-S10.16-BL)
Add component (AddParameter): Name = "Add into BOM"; Value = "yes"; VariantName = "[No Variations]"
Add component (AddParameter): Name = "Convert to PCB"; Value = "yes"; VariantName = "[No Variations]"
Add component (AddParameter): Name = "Datasheet"; Value = "https://atta.szlcsc.com/upload/public/pdf/source/20121231/1457706574766.pdf"; VariantName = "[No Variations]"
Add component (AddParameter): Name = "Device"; Value = "FJ3461AH"; VariantName = "[No Variations]"
Add component (AddParameter): Name = "Digit/Alpha Size(inch)"; Value = "0.36"; VariantName = "[No Variations]"
Add component (AddParameter): Name = "Display Type"; Value = "-"; VariantName = "[No Variations]"
Add component (AddParameter): Name = "JLCPCB Part Class"; Value = "Extended Part"; VariantName = "[No Variations]"
Add component (AddParameter): Name = "LCSC Part Name"; Value = "4位0.36英寸红色数码管 共阴极"; VariantName = "[No Variations]"
Add component (AddParameter): Name = "LED Polarity"; Value = "共阴极"; VariantName = "[No Variations]"
Add component (AddParameter): Name = "Luminous Color"; Value = "红色"; VariantName = "[No Variations]"
Add component (AddParameter): Name = "Manufacturer"; Value = "志浩"; VariantName = "[No Variations]"
Add component (AddParameter): Name = "Manufacturer Part"; Value = "FJ3461AH"; VariantName = "[No Variations]"
Add component (AddParameter): Name = "Module Size"; Value = "30mmx14mmx7.2mm"; VariantName = "[No Variations]"
Add component (AddParameter): Name = "Number of Characters"; Value = "4位"; VariantName = "[No Variations]"
Add component (AddParameter): Name = "Power Dissipation"; Value = "-"; VariantName = "[No Variations]"
Add component (AddParameter): Name = "Supplier"; Value = "LCSC"; VariantName = "[No Variations]"
Add component (AddParameter): Name = "Supplier Footprint"; Value = "插件"; VariantName = "[No Variations]"
Add component (AddParameter): Name = "Supplier Part"; Value = "C10708"; VariantName = "[No Variations]"
Add component (AddParameter): Name = "Symbol"; Value = "FJ3461AH"; VariantName = "[No Variations]"
Added Component: Designator=R?(0805)
Added Component: Designator=R?(0805)
Added Component: Designator=R?(0805)
Added Component: Designator=R?(0805)
Added Component: Designator=R?(0805)
Added Component: Designator=R?(0805)
Added Component: Designator=R?(0805)
Added Component: Designator=R?(0805)
Change Net Name : Old Net Name=NetC1_1 New Net Name=NetC3_1
Change Net Name : Old Net Name=NetC3_1 New Net Name=NetC5_1
Change Net Name : Old Net Name=NetL_1 New Net Name=NetL1_1
Added Pin To Net: NetName=1A Pin=LED1-11
Added Net: Name=1A
Added Pin To Net: NetName=1b Pin=LED1-7
Added Net: Name=1b
Added Pin To Net: NetName=1C Pin=LED1-4
Added Net: Name=1C
Added Pin To Net: NetName=1DIG1 Pin=R?-1
Added Net: Name=1DIG1
Added Pin To Net: NetName=1DIG2 Pin=R?-1
Added Net: Name=1DIG2
Added Pin To Net: NetName=1DIG3 Pin=R?-1
Added Net: Name=1DIG3
Added Pin To Net: NetName=1DIG4 Pin=R?-2
Added Net: Name=1DIG4
Added Pin To Net: NetName=1DP Pin=LED1-3
Added Net: Name=1DP
Added Pin To Net: NetName=1D Pin=LED1-2
Added Net: Name=1D
Added Pin To Net: NetName=1E Pin=LED1-1
Added Net: Name=1E
Added Pin To Net: NetName=1F Pin=LED1-10
Added Net: Name=1F
Added Pin To Net: NetName=1G Pin=LED1-5
Added Net: Name=1G
Added Pin To Net: NetName=2A Pin=LED?-11
Added Net: Name=2A
Added Pin To Net: NetName=2b Pin=LED?-7
Added Net: Name=2b
Added Pin To Net: NetName=2C Pin=LED?-4
Added Net: Name=2C
Added Pin To Net: NetName=2DIG1 Pin=R?-1
Added Net: Name=2DIG1
Added Pin To Net: NetName=2DIG2 Pin=R?-1
Added Net: Name=2DIG2
Added Pin To Net: NetName=2DIG3 Pin=R?-1
Added Net: Name=2DIG3
Added Pin To Net: NetName=2DIG4 Pin=R?-2
Added Net: Name=2DIG4
Added Pin To Net: NetName=2DP Pin=LED?-3
Added Net: Name=2DP
Added Pin To Net: NetName=2D Pin=LED?-2
Added Net: Name=2D
Added Pin To Net: NetName=2E Pin=LED?-1
Added Net: Name=2E
Added Pin To Net: NetName=2F Pin=LED?-10
Added Net: Name=2F
Added Pin To Net: NetName=2G Pin=LED?-5
Added Net: Name=2G
Added Pin To Net: NetName=NetLED1_6 Pin=LED1-6
Added Pin To Net: NetName=NetLED1_6 Pin=R?-1
Added Net: Name=NetLED1_6
Added Pin To Net: NetName=NetLED1_8 Pin=LED1-8
Added Pin To Net: NetName=NetLED1_8 Pin=R?-2
Added Net: Name=NetLED1_8
Added Pin To Net: NetName=NetLED1_9 Pin=LED1-9
Added Pin To Net: NetName=NetLED1_9 Pin=R?-2
Added Net: Name=NetLED1_9
Added Pin To Net: NetName=NetLED1_12 Pin=LED1-12
Added Pin To Net: NetName=NetLED1_12 Pin=R?-2
Added Net: Name=NetLED1_12
Added Pin To Net: NetName=NetLED?_6 Pin=LED?-6
Added Pin To Net: NetName=NetLED?_6 Pin=R?-1
Added Net: Name=NetLED?_6
Added Pin To Net: NetName=NetLED?_8 Pin=LED?-8
Added Pin To Net: NetName=NetLED?_8 Pin=R?-2
Added Net: Name=NetLED?_8
Added Pin To Net: NetName=NetLED?_9 Pin=LED?-9
Added Pin To Net: NetName=NetLED?_9 Pin=R?-2
Added Net: Name=NetLED?_9
Added Pin To Net: NetName=NetLED?_12 Pin=LED?-12
Added Pin To Net: NetName=NetLED?_12 Pin=R?-2
Added Net: Name=NetLED?_12
Added Member To Class: ClassName=YW_001 Member=Component C5 104P
Added Member To Class: ClassName=YW_001 Member=Component LED1 FJ3461AH
Added Member To Class: ClassName=YW_001 Member=Component LED? FJ3461AH
Added Member To Class: ClassName=YW_001 Member=Component R? 10R
Added Member To Class: ClassName=YW_001 Member=Component R? 10R
Added Member To Class: ClassName=YW_001 Member=Component R? 10R
Added Member To Class: ClassName=YW_001 Member=Component R? 10R
Added Member To Class: ClassName=YW_001 Member=Component R? 10R
Added Member To Class: ClassName=YW_001 Member=Component R? 10R
Added Member To Class: ClassName=YW_001 Member=Component R? 10R
Added Member To Class: ClassName=YW_001 Member=Component R? 10R
