Change Component Comment : Designator=D12 Old Comment=1N5408 New Comment=RS2M
Added Component: Designator=C101(0805C)
Add component (AddParameter): Name = "LatestRevisionDate"; Value = "17-Jul-2002"; VariantName = "[No Variations]"
Add component (AddParameter): Name = "LatestRevisionNote"; Value = "Re-released for DXP Platform."; VariantName = "[No Variations]"
Add component (AddParameter): Name = "PackageDescription"; Value = "Radial Cap, Thru-Hole; 2 Leads; 0.3 in Pin Spacing"; VariantName = "[No Variations]"
Add component (AddParameter): Name = "PackageReference"; Value = "RAD-0.3"; VariantName = "[No Variations]"
Add component (AddParameter): Name = "Published"; Value = "8-Jun-2000"; VariantName = "[No Variations]"
Add component (AddParameter): Name = "Publisher"; Value = "Altium Limited"; VariantName = "[No Variations]"
Add component (AddParameter): Name = "Value"; Value = "0uF"; VariantName = "[No Variations]"
Added Component: Designator=U11(OPTO-SMD-4_L4.6-W6.5-P2.54-LS10.3-TL)
Add component (AddParameter): Name = "Add into BOM"; Value = "yes"; VariantName = "[No Variations]"
Add component (AddParameter): Name = "Collector-Emitter Saturation Voltage (Vce(sat)@Ic,IF)"; Value = "100mV@1mA,20mA"; VariantName = "[No Variations]"
Add component (AddParameter): Name = "Convert to PCB"; Value = "yes"; VariantName = "[No Variations]"
Add component (AddParameter): Name = "Datasheet"; Value = "https://atta.szlcsc.com/upload/public/pdf/source/20181026/C323798_FBCE14484708FE0807B9A090D624C4F0.pdf"; VariantName = "[No Variations]"
Add component (AddParameter): Name = "Device"; Value = "EL817S1(C)(TU)-F"; VariantName = "[No Variations]"
Add component (AddParameter): Name = "Fall time"; Value = "18us@2mA,100Ω"; VariantName = "[No Variations]"
Add component (AddParameter): Name = "Forward Voltage"; Value = "1.2V"; VariantName = "[No Variations]"
Add component (AddParameter): Name = "Input voltage type"; Value = "DC"; VariantName = "[No Variations]"
Add component (AddParameter): Name = "Isolation Voltage(rms)"; Value = "5kV"; VariantName = "[No Variations]"
Add component (AddParameter): Name = "JLCPCB Part Class"; Value = "Basic Part"; VariantName = "[No Variations]"
Add component (AddParameter): Name = "LCSC Part Name"; Value = "DC输入 隔离电压(rms):5000V"; VariantName = "[No Variations]"
Add component (AddParameter): Name = "Load Voltage"; Value = "35V"; VariantName = "[No Variations]"
Add component (AddParameter): Name = "Manufacturer"; Value = "EVERLIGHT(亿光)"; VariantName = "[No Variations]"
Add component (AddParameter): Name = "Manufacturer Part"; Value = "EL817S1(C)(TU)-F"; VariantName = "[No Variations]"
Add component (AddParameter): Name = "Number of Outputs"; Value = "1"; VariantName = "[No Variations]"
Add component (AddParameter): Name = "Operating Temperature"; Value = "-55℃~+110℃"; VariantName = "[No Variations]"
Add component (AddParameter): Name = "Output Current"; Value = "50mA"; VariantName = "[No Variations]"
Add component (AddParameter): Name = "Output Type"; Value = "光电三极管"; VariantName = "[No Variations]"
Add component (AddParameter): Name = "Reverse Voltage"; Value = "6V"; VariantName = "[No Variations]"
Add component (AddParameter): Name = "Rise time"; Value = "18us@2mA,100Ω"; VariantName = "[No Variations]"
Add component (AddParameter): Name = "Supplier"; Value = "LCSC"; VariantName = "[No Variations]"
Add component (AddParameter): Name = "Supplier Footprint"; Value = "SMD-4P"; VariantName = "[No Variations]"
Add component (AddParameter): Name = "Supplier Part"; Value = "C106900"; VariantName = "[No Variations]"
Add component (AddParameter): Name = "Symbol"; Value = "EL817S1(C)(TU)-F"; VariantName = "[No Variations]"
Added Pin To Net: NetName=NetB1_4 Pin=C101-2
Added Pin To Net: NetName=NetB1_4 Pin=U10-1
Added Pin To Net: NetName=NetB1_4 Pin=U10-2
Added Pin To Net: NetName=NetC101_1 Pin=C101-1
Added Pin To Net: NetName=NetC101_1 Pin=U10-3
Added Net: Name=NetC101_1
Added Member To Class: ClassName=YW_001 Member=Component C101 104P
Added Member To Class: ClassName=YW_001 Member=Component U11 EL817S1(C)(TU)-F
