Added Component: Designator=PE(HDR-TH_1P-P2.54-V-M)
Add component (AddParameter): Name = "Add into BOM"; Value = "yes"; VariantName = "[No Variations]"
Add component (AddParameter): Name = "Circluar Pins/Square Pins"; Value = "方针"; VariantName = "[No Variations]"
Add component (AddParameter): Name = "Color"; Value = "黑色"; VariantName = "[No Variations]"
Add component (AddParameter): Name = "Contact Material"; Value = "黄铜"; VariantName = "[No Variations]"
Add component (AddParameter): Name = "Contact Plating"; Value = "-"; VariantName = "[No Variations]"
Add component (AddParameter): Name = "Convert to PCB"; Value = "yes"; VariantName = "[No Variations]"
Add component (AddParameter): Name = "Current Rating (Max)"; Value = "-"; VariantName = "[No Variations]"
Add component (AddParameter): Name = "Datasheet"; Value = "https://atta.szlcsc.com/upload/public/pdf/source/20200309/C492400_46876A5B545F5AE6B8D4A09C46E276E8.pdf"; VariantName = "[No Variations]"
Add component (AddParameter): Name = "Device"; Value = "PZ254V-11-01P"; VariantName = "[No Variations]"
Add component (AddParameter): Name = "Insulation Height"; Value = "2.5mm"; VariantName = "[No Variations]"
Add component (AddParameter): Name = "JLCPCB Part Class"; Value = "Extended Part"; VariantName = "[No Variations]"
Add component (AddParameter): Name = "LCSC Part Name"; Value = "间距:2.54mm 1x1P 直插 方针"; VariantName = "[No Variations]"
Add component (AddParameter): Name = "Length of End Connection Pin"; Value = "3mm"; VariantName = "[No Variations]"
Add component (AddParameter): Name = "Length of Mating Pin"; Value = "6mm"; VariantName = "[No Variations]"
Add component (AddParameter): Name = "Manufacturer"; Value = "XFCN(兴飞)"; VariantName = "[No Variations]"
Add component (AddParameter): Name = "Manufacturer Part"; Value = "PZ254V-11-01P"; VariantName = "[No Variations]"
Add component (AddParameter): Name = "Mounting Type"; Value = "直插"; VariantName = "[No Variations]"
Add component (AddParameter): Name = "Number of Pins"; Value = "1P"; VariantName = "[No Variations]"
Add component (AddParameter): Name = "Number of Rows"; Value = "单排"; VariantName = "[No Variations]"
Add component (AddParameter): Name = "Operating Temperature Range"; Value = "-40℃~+105℃"; VariantName = "[No Variations]"
Add component (AddParameter): Name = "Pin Structure"; Value = "1x1P"; VariantName = "[No Variations]"
Add component (AddParameter): Name = "Pitch"; Value = "2.54mm"; VariantName = "[No Variations]"
Add component (AddParameter): Name = "Row Spacing"; Value = "-"; VariantName = "[No Variations]"
Add component (AddParameter): Name = "Supplier"; Value = "LCSC"; VariantName = "[No Variations]"
Add component (AddParameter): Name = "Supplier Footprint"; Value = "插件,P=2.54mm"; VariantName = "[No Variations]"
Add component (AddParameter): Name = "Supplier Part"; Value = "C492400"; VariantName = "[No Variations]"
Add component (AddParameter): Name = "Symbol"; Value = "PZ254V-11-01P"; VariantName = "[No Variations]"
Add component (AddParameter): Name = "Voltage Rating (Max)"; Value = "-"; VariantName = "[No Variations]"
Added Member To Class: ClassName=YW_001 Member=Component PE PZ254V-11-01P
