Removed Member From Class: ClassName=YW_001 Member=C?
Removed Member From Class: ClassName=YW_001 Member=R?
Change Component Designator: OldDesignator=C7 NewDesignator=C11
Change Component Designator: OldDesignator=C8 NewDesignator=C12
Change Component Designator: OldDesignator=C9 NewDesignator=C13
Change Component Designator: OldDesignator=C10 NewDesignator=C14
Change Component Designator: OldDesignator=C? NewDesignator=C7
Change Component Designator: OldDesignator=C? NewDesignator=C8
Change Component Designator: OldDesignator=C? NewDesignator=C9
Change Component Designator: OldDesignator=C? NewDesignator=C10
Change Component Designator: OldDesignator=D? NewDesignator=D8
Change Component Designator: OldDesignator=Q5 NewDesignator=Q2
Change Component Designator: OldDesignator=Q6 NewDesignator=Q3
Change Component Designator: OldDesignator=R12 NewDesignator=R13
Change Component Designator: OldDesignator=R17 NewDesignator=R21
Change Component Designator: OldDesignator=R18 NewDesignator=R22
Change Component Designator: OldDesignator=R19 NewDesignator=R23
Change Component Designator: OldDesignator=R20 NewDesignator=R24
Change Component Designator: OldDesignator=R21 NewDesignator=R25
Change Component Designator: OldDesignator=R22 NewDesignator=R26
Change Component Designator: OldDesignator=R23 NewDesignator=R27
Change Component Designator: OldDesignator=R24 NewDesignator=R28
Change Component Designator: OldDesignator=R25 NewDesignator=R29
Change Component Designator: OldDesignator=R26 NewDesignator=R30
Change Component Designator: OldDesignator=R27 NewDesignator=R31
Change Component Designator: OldDesignator=R28 NewDesignator=R32
Change Component Designator: OldDesignator=R? NewDesignator=R12
Change Component Designator: OldDesignator=R? NewDesignator=R17
Change Component Designator: OldDesignator=R? NewDesignator=R18
Change Component Designator: OldDesignator=R? NewDesignator=R19
Change Component Designator: OldDesignator=R? NewDesignator=R20
Change Net Name : Old Net Name=NetC7_1 New Net Name=NetC11_1
Change Net Name : Old Net Name=NetC8_1 New Net Name=NetC12_1
Change Net Name : Old Net Name=NetC9_1 New Net Name=NetC13_1
Change Net Name : Old Net Name=NetC10_1 New Net Name=NetC14_1
Change Net Name : Old Net Name=NetQ5_3 New Net Name=NetQ2_3
Change Net Name : Old Net Name=NetQ6_3 New Net Name=NetQ3_3
Added Pin To Net: NetName=NetD8_1 Pin=D8-2
Added Pin To Net: NetName=NetD8_1 Pin=R17-2
Added Net: Name=NetD8_1
Added Member To Class: ClassName=YW_001 Member=Component C11 104P
Added Member To Class: ClassName=YW_001 Member=Component C12 104P
Added Member To Class: ClassName=YW_001 Member=Component C13 104P
Added Member To Class: ClassName=YW_001 Member=Component C14 104P
Added Member To Class: ClassName=YW_001 Member=Component R13 Res2
Added Member To Class: ClassName=YW_001 Member=Component R29 2.2k
Added Member To Class: ClassName=YW_001 Member=Component R30 2.2k
Added Member To Class: ClassName=YW_001 Member=Component R31 2.2k
Added Member To Class: ClassName=YW_001 Member=Component R32 2.2k
