Change Component Designator: Old Designator=C1 New Designator=C3
Change Component Designator: Old Designator=C2 New Designator=C7
Change Component Designator: Old Designator=C3 New Designator=C8
Change Component Designator: Old Designator=C4 New Designator=C9
Change Component Designator: Old Designator=C5 New Designator=C10
Change Component Designator: Old Designator=C100 New Designator=C4
Change Component Designator: Old Designator=C101 New Designator=C5
Change Component Designator: Old Designator=C? New Designator=C1
Change Component Designator: Old Designator=C? New Designator=C2
Change Component Designator: Old Designator=C? New Designator=C6
Change Component Designator: Old Designator=D1 New Designator=D7
Change Component Designator: Old Designator=D2 New Designator=D6
Change Component Designator: Old Designator=D3 New Designator=D5
Change Component Designator: Old Designator=D4 New Designator=D3
Change Component Designator: Old Designator=D12 New Designator=D4
Change Component Designator: Old Designator=D? New Designator=D1
Change Component Designator: Old Designator=D? New Designator=D2
Change Component Designator: Old Designator=R2 New Designator=R5
Change Component Designator: Old Designator=R3 New Designator=R13
Change Component Designator: Old Designator=R4 New Designator=R17
Change Component Designator: Old Designator=R5 New Designator=R18
Change Component Designator: Old Designator=R6 New Designator=R19
Change Component Designator: Old Designator=R7 New Designator=R20
Change Component Designator: Old Designator=R8 New Designator=R21
Change Component Designator: Old Designator=R9 New Designator=R22
Change Component Designator: Old Designator=R10 New Designator=R23
Change Component Designator: Old Designator=R11 New Designator=R24
Change Component Designator: Old Designator=R12 New Designator=R25
Change Component Designator: Old Designator=R13 New Designator=R26
Change Component Designator: Old Designator=R14 New Designator=R27
Change Component Designator: Old Designator=R15 New Designator=R28
Change Component Designator: Old Designator=R100 New Designator=R3
Change Component Designator: Old Designator=R101 New Designator=R4
Change Component Designator: Old Designator=R102 New Designator=R6
Change Component Designator: Old Designator=R105 New Designator=R10
Change Component Designator: Old Designator=R? New Designator=R2
Change Component Designator: Old Designator=R? New Designator=R7
Change Component Designator: Old Designator=R? New Designator=R8
Change Component Designator: Old Designator=R? New Designator=R9
Change Component Designator: Old Designator=R? New Designator=R11
Change Component Designator: Old Designator=R? New Designator=R12
Change Component Designator: Old Designator=R? New Designator=R14
Change Component Designator: Old Designator=R? New Designator=R15
Change Component Designator: Old Designator=R? New Designator=R16
Change Component Designator: Old Designator=U1 New Designator=U2
Change Component Designator: Old Designator=U2 New Designator=U5
Change Component Designator: Old Designator=U10 New Designator=U3
Change Component Designator: Old Designator=U11 New Designator=U1
Change Component Designator: Old Designator=U12 New Designator=U4
Change Component Designator: Old Designator=USB? New Designator=USB1
