Added Component: Designator=DZ1(LL-34_L3.5-W1.5-RD)
Add component (AddParameter): Name = "Add into BOM"; Value = "yes"; VariantName = "[No Variations]"
Add component (AddParameter): Name = "Convert to PCB"; Value = "yes"; VariantName = "[No Variations]"
Add component (AddParameter): Name = "Datasheet"; Value = "https://atta.szlcsc.com/upload/public/pdf/source/20230915/581C4D7CC1FE908B5D3501977E79B43B.pdf"; VariantName = "[No Variations]"
Add component (AddParameter): Name = "Device"; Value = "ZMM24_C7470923"; VariantName = "[No Variations]"
Add component (AddParameter): Name = "Diode Configuration"; Value = "独立式"; VariantName = "[No Variations]"
Add component (AddParameter): Name = "JLCPCB Part Class"; Value = "Extended Part"; VariantName = "[No Variations]"
Add component (AddParameter): Name = "LCSC Part Name"; Value = "ZMM24"; VariantName = "[No Variations]"
Add component (AddParameter): Name = "Manufacturer"; Value = "HXY MOSFET(华轩阳电子)"; VariantName = "[No Variations]"
Add component (AddParameter): Name = "Manufacturer Part"; Value = "ZMM24"; VariantName = "[No Variations]"
Add component (AddParameter): Name = "Power Dissipation"; Value = "500mW"; VariantName = "[No Variations]"
Add component (AddParameter): Name = "Reverse Leakage Current (Ir)"; Value = "100nA@18V"; VariantName = "[No Variations]"
Add component (AddParameter): Name = "Supplier"; Value = "LCSC"; VariantName = "[No Variations]"
Add component (AddParameter): Name = "Supplier Footprint"; Value = "LL-34"; VariantName = "[No Variations]"
Add component (AddParameter): Name = "Supplier Part"; Value = "C7470923"; VariantName = "[No Variations]"
Add component (AddParameter): Name = "Symbol"; Value = "ZMM24_C7470923"; VariantName = "[No Variations]"
Add component (AddParameter): Name = "Zener Impedance (Zzt)"; Value = "80Ω"; VariantName = "[No Variations]"
Add component (AddParameter): Name = "Zener Voltage (Nom)"; Value = "24V"; VariantName = "[No Variations]"
Add component (AddParameter): Name = "Zener Voltage (Range)"; Value = "22.8V~25.6V"; VariantName = "[No Variations]"
Added Pin To Net: NetName=GND Pin=U11-2
Added Pin To Net: NetName=NetDZ1_2 Pin=DZ1-2
Added Pin To Net: NetName=NetDZ1_2 Pin=U11-1
Added Net: Name=NetDZ1_2
Added Member To Class: ClassName=YW_001 Member=Component DZ1 ZMM24
