Added Component: Designator=U12(TO-252-2_L6.6-W6.1-P4.58-LS9.9-TL)
Add component (AddParameter): Name = "Add into BOM"; Value = "yes"; VariantName = "[No Variations]"
Add component (AddParameter): Name = "Convert to PCB"; Value = "yes"; VariantName = "[No Variations]"
Add component (AddParameter): Name = "Datasheet"; Value = "https://atta.szlcsc.com/upload/public/pdf/source/20181108/C327508_B78150FF97C8C38061229236786A5884.pdf"; VariantName = "[No Variations]"
Add component (AddParameter): Name = "Device"; Value = "MC7805CDTRKG"; VariantName = "[No Variations]"
Add component (AddParameter): Name = "Dropout Voltage"; Value = "2V@(1A)"; VariantName = "[No Variations]"
Add component (AddParameter): Name = "JLCPCB Part Class"; Value = "Extended Part"; VariantName = "[No Variations]"
Add component (AddParameter): Name = "LCSC Part Name"; Value = "MC7805CDTRKG"; VariantName = "[No Variations]"
Add component (AddParameter): Name = "Manufacturer"; Value = "onsemi(安森美)"; VariantName = "[No Variations]"
Add component (AddParameter): Name = "Manufacturer Part"; Value = "MC7805CDTRKG"; VariantName = "[No Variations]"
Add component (AddParameter): Name = "MAX Output Current"; Value = "1A"; VariantName = "[No Variations]"
Add component (AddParameter): Name = "Maximum Input Voltage"; Value = "35V"; VariantName = "[No Variations]"
Add component (AddParameter): Name = "Number of Outputs"; Value = "1"; VariantName = "[No Variations]"
Add component (AddParameter): Name = "Operating Temperature"; Value = "0℃~+125℃"; VariantName = "[No Variations]"
Add component (AddParameter): Name = "Output Polarity"; Value = "正极"; VariantName = "[No Variations]"
Add component (AddParameter): Name = "Output Type"; Value = "固定"; VariantName = "[No Variations]"
Add component (AddParameter): Name = "Output Voltage"; Value = "5V"; VariantName = "[No Variations]"
Add component (AddParameter): Name = "Power Supply Rejection Ratio (PSRR)"; Value = "83dB@(120Hz)"; VariantName = "[No Variations]"
Add component (AddParameter): Name = "standby current"; Value = "6.5mA"; VariantName = "[No Variations]"
Add component (AddParameter): Name = "Supplier"; Value = "LCSC"; VariantName = "[No Variations]"
Add component (AddParameter): Name = "Supplier Footprint"; Value = "TO-252-2(DPAK)"; VariantName = "[No Variations]"
Add component (AddParameter): Name = "Supplier Part"; Value = "C54285"; VariantName = "[No Variations]"
Add component (AddParameter): Name = "Symbol"; Value = "MC7805CDTRKG"; VariantName = "[No Variations]"
Added Member To Class: ClassName=YW_001 Member=Component U12 MC7805CDTRKG
