Added Component: Designator=USB?(XFMR-TH_ECO2017SEO-X16V015)
Add component (AddParameter): Name = "Add into BOM"; Value = "yes"; VariantName = "[No Variations]"
Add component (AddParameter): Name = "Convert to PCB"; Value = "yes"; VariantName = "[No Variations]"
Add component (AddParameter): Name = "Datasheet"; Value = "https://atta.szlcsc.com/upload/public/pdf/source/20210330/C2762803_0539F2D7383AC707985FED84B39ED265.pdf"; VariantName = "[No Variations]"
Add component (AddParameter): Name = "Device"; Value = "ECO2017SEO-X16V015"; VariantName = "[No Variations]"
Add component (AddParameter): Name = "Isolation Voltage"; Value = "-"; VariantName = "[No Variations]"
Add component (AddParameter): Name = "JLCPCB Part Class"; Value = "Extended Part"; VariantName = "[No Variations]"
Add component (AddParameter): Name = "LCSC Part Name"; Value = "ECO2017SEO-X16V015"; VariantName = "[No Variations]"
Add component (AddParameter): Name = "Manufacturer"; Value = "TDK"; VariantName = "[No Variations]"
Add component (AddParameter): Name = "Manufacturer Part"; Value = "ECO2017SEO-X16V015"; VariantName = "[No Variations]"
Add component (AddParameter): Name = "Output Current"; Value = "-"; VariantName = "[No Variations]"
Add component (AddParameter): Name = "Power"; Value = "-"; VariantName = "[No Variations]"
Add component (AddParameter): Name = "Primary Side Voltage"; Value = "-"; VariantName = "[No Variations]"
Add component (AddParameter): Name = "Primary Winding"; Value = "三路"; VariantName = "[No Variations]"
Add component (AddParameter): Name = "Secondary Side Voltage"; Value = "-"; VariantName = "[No Variations]"
Add component (AddParameter): Name = "Secondary Winding"; Value = "两路"; VariantName = "[No Variations]"
Add component (AddParameter): Name = "Supplier"; Value = "LCSC"; VariantName = "[No Variations]"
Add component (AddParameter): Name = "Supplier Footprint"; Value = "插件"; VariantName = "[No Variations]"
Add component (AddParameter): Name = "Supplier Part"; Value = "C2762803"; VariantName = "[No Variations]"
Add component (AddParameter): Name = "Symbol"; Value = "ECO2017SEO-X16V015"; VariantName = "[No Variations]"
Added Member To Class: ClassName=YW_001 Member=Component R? Res2
Added Member To Class: ClassName=YW_001 Member=Component R? Res2
Added Member To Class: ClassName=YW_001 Member=Component R? Res2
Added Member To Class: ClassName=YW_001 Member=Component R? Res2
Added Member To Class: ClassName=YW_001 Member=Component R? Res2
Added Member To Class: ClassName=YW_001 Member=Component R? Res2
Added Member To Class: ClassName=YW_001 Member=Component R? Res2
Added Member To Class: ClassName=YW_001 Member=Component USB? ECO2017SEO-X16V015
