Removed Member From Class: ClassName=YW_001 Member=U?
Change Component Designator: OldDesignator=LED? NewDesignator=LED2
Change Component Designator: OldDesignator=R4 NewDesignator=R12
Change Component Designator: OldDesignator=R5 NewDesignator=R13
Change Component Designator: OldDesignator=R6 NewDesignator=R14
Change Component Designator: OldDesignator=R7 NewDesignator=R15
Change Component Designator: OldDesignator=R? NewDesignator=R4
Change Component Designator: OldDesignator=R? NewDesignator=R5
Change Component Designator: OldDesignator=R? NewDesignator=R6
Change Component Designator: OldDesignator=R? NewDesignator=R7
Change Component Designator: OldDesignator=R? NewDesignator=R8
Change Component Designator: OldDesignator=R? NewDesignator=R9
Change Component Designator: OldDesignator=R? NewDesignator=R10
Change Component Designator: OldDesignator=R? NewDesignator=R11
Change Component Designator: OldDesignator=U1 NewDesignator=U2
Change Component Designator: OldDesignator=U? NewDesignator=U1
Change Net Name : Old Net Name=NetLED?_6 New Net Name=NetLED2_6
Change Net Name : Old Net Name=NetLED?_8 New Net Name=NetLED2_8
Change Net Name : Old Net Name=NetLED?_9 New Net Name=NetLED2_9
Change Net Name : Old Net Name=NetLED?_12 New Net Name=NetLED2_12
Added Member To Class: ClassName=YW_001 Member=Component C1 470uF450V
Added Member To Class: ClassName=YW_001 Member=Component C3 104P
Added Member To Class: ClassName=YW_001 Member=Component K2 TS1212TPFS 250gf 072
Added Member To Class: ClassName=YW_001 Member=Component K4 TS1212TPFS 250gf 072
Added Member To Class: ClassName=YW_001 Member=Component R8 10R
Added Member To Class: ClassName=YW_001 Member=Component R9 10R
Added Member To Class: ClassName=YW_001 Member=Component R10 10R
Added Member To Class: ClassName=YW_001 Member=Component R12 2.2k
Added Member To Class: ClassName=YW_001 Member=Component R13 2.2k
Added Member To Class: ClassName=YW_001 Member=Component R14 2.2k
Added Member To Class: ClassName=YW_001 Member=Component R15 2.2k
Added Member To Class: ClassName=YW_001 Member=Component U2 STC8H8K64U-45I-LQFP48
Added Room: Name=YW_001
