Added Component: Designator=K1(KEY-SMD_4P-L12.0-W12.0-P5.00-LS15.0)
Add component (AddParameter): Name = "Actuator Style"; Value = "圆形按钮"; VariantName = "[No Variations]"
Add component (AddParameter): Name = "Actuator/Cap Color"; Value = "黑色"; VariantName = "[No Variations]"
Add component (AddParameter): Name = "Add into BOM"; Value = "yes"; VariantName = "[No Variations]"
Add component (AddParameter): Name = "Circuit"; Value = "单刀单掷"; VariantName = "[No Variations]"
Add component (AddParameter): Name = "Contact Current"; Value = "50mA"; VariantName = "[No Variations]"
Add component (AddParameter): Name = "Convert to PCB"; Value = "yes"; VariantName = "[No Variations]"
Add component (AddParameter): Name = "Datasheet"; Value = "https://atta.szlcsc.com/upload/public/pdf/source/20240530/61FBD9981DC96E206A7130E740881932.pdf"; VariantName = "[No Variations]"
Add component (AddParameter): Name = "Device"; Value = "TS1212TPFS 250gf 072"; VariantName = "[No Variations]"
Add component (AddParameter): Name = "Insulation Resistance"; Value = "100MΩ"; VariantName = "[No Variations]"
Add component (AddParameter): Name = "JLCPCB Part Class"; Value = "Extended Part"; VariantName = "[No Variations]"
Add component (AddParameter): Name = "LCSC Part Name"; Value = "12*12*1.2mm 立贴 轻触开关"; VariantName = "[No Variations]"
Add component (AddParameter): Name = "Manufacturer"; Value = "SHOU HAN(首韩)"; VariantName = "[No Variations]"
Add component (AddParameter): Name = "Manufacturer Part"; Value = "TS1212TPFS 250gf 072"; VariantName = "[No Variations]"
Add component (AddParameter): Name = "Mechanical Life"; Value = "10万次"; VariantName = "[No Variations]"
Add component (AddParameter): Name = "Mounting Style"; Value = "立贴"; VariantName = "[No Variations]"
Add component (AddParameter): Name = "Operating Force"; Value = "2.5N"; VariantName = "[No Variations]"
Add component (AddParameter): Name = "Operating Temperature"; Value = "-20℃~+80℃"; VariantName = "[No Variations]"
Add component (AddParameter): Name = "Pin Style"; Value = "鸥翼型"; VariantName = "[No Variations]"
Add component (AddParameter): Name = "Strike Gundam"; Value = "不带"; VariantName = "[No Variations]"
Add component (AddParameter): Name = "Supplier"; Value = "LCSC"; VariantName = "[No Variations]"
Add component (AddParameter): Name = "Supplier Footprint"; Value = "SMD-4P,12x12mm"; VariantName = "[No Variations]"
Add component (AddParameter): Name = "Supplier Part"; Value = "C2858285"; VariantName = "[No Variations]"
Add component (AddParameter): Name = "Switch Height"; Value = "1.2mm"; VariantName = "[No Variations]"
Add component (AddParameter): Name = "Switch Length"; Value = "12mm"; VariantName = "[No Variations]"
Add component (AddParameter): Name = "Switch Width"; Value = "12mm"; VariantName = "[No Variations]"
Add component (AddParameter): Name = "Symbol"; Value = "TS1212TPFS 250GF 072"; VariantName = "[No Variations]"
Add component (AddParameter): Name = "Voltage Rating (DC)"; Value = "12V"; VariantName = "[No Variations]"
Added Component: Designator=K2(KEY-SMD_4P-L12.0-W12.0-P5.00-LS15.0)
Add component (AddParameter): Name = "Actuator Style"; Value = "圆形按钮"; VariantName = "[No Variations]"
Add component (AddParameter): Name = "Actuator/Cap Color"; Value = "黑色"; VariantName = "[No Variations]"
Add component (AddParameter): Name = "Add into BOM"; Value = "yes"; VariantName = "[No Variations]"
Add component (AddParameter): Name = "Circuit"; Value = "单刀单掷"; VariantName = "[No Variations]"
Add component (AddParameter): Name = "Contact Current"; Value = "50mA"; VariantName = "[No Variations]"
Add component (AddParameter): Name = "Convert to PCB"; Value = "yes"; VariantName = "[No Variations]"
Add component (AddParameter): Name = "Datasheet"; Value = "https://atta.szlcsc.com/upload/public/pdf/source/20240530/61FBD9981DC96E206A7130E740881932.pdf"; VariantName = "[No Variations]"
Add component (AddParameter): Name = "Device"; Value = "TS1212TPFS 250gf 072"; VariantName = "[No Variations]"
Add component (AddParameter): Name = "Insulation Resistance"; Value = "100MΩ"; VariantName = "[No Variations]"
Add component (AddParameter): Name = "JLCPCB Part Class"; Value = "Extended Part"; VariantName = "[No Variations]"
Add component (AddParameter): Name = "LCSC Part Name"; Value = "12*12*1.2mm 立贴 轻触开关"; VariantName = "[No Variations]"
Add component (AddParameter): Name = "Manufacturer"; Value = "SHOU HAN(首韩)"; VariantName = "[No Variations]"
Add component (AddParameter): Name = "Manufacturer Part"; Value = "TS1212TPFS 250gf 072"; VariantName = "[No Variations]"
Add component (AddParameter): Name = "Mechanical Life"; Value = "10万次"; VariantName = "[No Variations]"
Add component (AddParameter): Name = "Mounting Style"; Value = "立贴"; VariantName = "[No Variations]"
Add component (AddParameter): Name = "Operating Force"; Value = "2.5N"; VariantName = "[No Variations]"
Add component (AddParameter): Name = "Operating Temperature"; Value = "-20℃~+80℃"; VariantName = "[No Variations]"
Add component (AddParameter): Name = "Pin Style"; Value = "鸥翼型"; VariantName = "[No Variations]"
Add component (AddParameter): Name = "Strike Gundam"; Value = "不带"; VariantName = "[No Variations]"
Add component (AddParameter): Name = "Supplier"; Value = "LCSC"; VariantName = "[No Variations]"
Add component (AddParameter): Name = "Supplier Footprint"; Value = "SMD-4P,12x12mm"; VariantName = "[No Variations]"
Add component (AddParameter): Name = "Supplier Part"; Value = "C2858285"; VariantName = "[No Variations]"
Add component (AddParameter): Name = "Switch Height"; Value = "1.2mm"; VariantName = "[No Variations]"
Add component (AddParameter): Name = "Switch Length"; Value = "12mm"; VariantName = "[No Variations]"
Add component (AddParameter): Name = "Switch Width"; Value = "12mm"; VariantName = "[No Variations]"
Add component (AddParameter): Name = "Symbol"; Value = "TS1212TPFS 250GF 072"; VariantName = "[No Variations]"
Add component (AddParameter): Name = "Voltage Rating (DC)"; Value = "12V"; VariantName = "[No Variations]"
Added Component: Designator=K3(KEY-SMD_4P-L12.0-W12.0-P5.00-LS15.0)
Add component (AddParameter): Name = "Actuator Style"; Value = "圆形按钮"; VariantName = "[No Variations]"
Add component (AddParameter): Name = "Actuator/Cap Color"; Value = "黑色"; VariantName = "[No Variations]"
Add component (AddParameter): Name = "Add into BOM"; Value = "yes"; VariantName = "[No Variations]"
Add component (AddParameter): Name = "Circuit"; Value = "单刀单掷"; VariantName = "[No Variations]"
Add component (AddParameter): Name = "Contact Current"; Value = "50mA"; VariantName = "[No Variations]"
Add component (AddParameter): Name = "Convert to PCB"; Value = "yes"; VariantName = "[No Variations]"
Add component (AddParameter): Name = "Datasheet"; Value = "https://atta.szlcsc.com/upload/public/pdf/source/20240530/61FBD9981DC96E206A7130E740881932.pdf"; VariantName = "[No Variations]"
Add component (AddParameter): Name = "Device"; Value = "TS1212TPFS 250gf 072"; VariantName = "[No Variations]"
Add component (AddParameter): Name = "Insulation Resistance"; Value = "100MΩ"; VariantName = "[No Variations]"
Add component (AddParameter): Name = "JLCPCB Part Class"; Value = "Extended Part"; VariantName = "[No Variations]"
Add component (AddParameter): Name = "LCSC Part Name"; Value = "12*12*1.2mm 立贴 轻触开关"; VariantName = "[No Variations]"
Add component (AddParameter): Name = "Manufacturer"; Value = "SHOU HAN(首韩)"; VariantName = "[No Variations]"
Add component (AddParameter): Name = "Manufacturer Part"; Value = "TS1212TPFS 250gf 072"; VariantName = "[No Variations]"
Add component (AddParameter): Name = "Mechanical Life"; Value = "10万次"; VariantName = "[No Variations]"
Add component (AddParameter): Name = "Mounting Style"; Value = "立贴"; VariantName = "[No Variations]"
Add component (AddParameter): Name = "Operating Force"; Value = "2.5N"; VariantName = "[No Variations]"
Add component (AddParameter): Name = "Operating Temperature"; Value = "-20℃~+80℃"; VariantName = "[No Variations]"
Add component (AddParameter): Name = "Pin Style"; Value = "鸥翼型"; VariantName = "[No Variations]"
Add component (AddParameter): Name = "Strike Gundam"; Value = "不带"; VariantName = "[No Variations]"
Add component (AddParameter): Name = "Supplier"; Value = "LCSC"; VariantName = "[No Variations]"
Add component (AddParameter): Name = "Supplier Footprint"; Value = "SMD-4P,12x12mm"; VariantName = "[No Variations]"
Add component (AddParameter): Name = "Supplier Part"; Value = "C2858285"; VariantName = "[No Variations]"
Add component (AddParameter): Name = "Switch Height"; Value = "1.2mm"; VariantName = "[No Variations]"
Add component (AddParameter): Name = "Switch Length"; Value = "12mm"; VariantName = "[No Variations]"
Add component (AddParameter): Name = "Switch Width"; Value = "12mm"; VariantName = "[No Variations]"
Add component (AddParameter): Name = "Symbol"; Value = "TS1212TPFS 250GF 072"; VariantName = "[No Variations]"
Add component (AddParameter): Name = "Voltage Rating (DC)"; Value = "12V"; VariantName = "[No Variations]"
Added Component: Designator=K4(KEY-SMD_4P-L12.0-W12.0-P5.00-LS15.0)
Add component (AddParameter): Name = "Actuator Style"; Value = "圆形按钮"; VariantName = "[No Variations]"
Add component (AddParameter): Name = "Actuator/Cap Color"; Value = "黑色"; VariantName = "[No Variations]"
Add component (AddParameter): Name = "Add into BOM"; Value = "yes"; VariantName = "[No Variations]"
Add component (AddParameter): Name = "Circuit"; Value = "单刀单掷"; VariantName = "[No Variations]"
Add component (AddParameter): Name = "Contact Current"; Value = "50mA"; VariantName = "[No Variations]"
Add component (AddParameter): Name = "Convert to PCB"; Value = "yes"; VariantName = "[No Variations]"
Add component (AddParameter): Name = "Datasheet"; Value = "https://atta.szlcsc.com/upload/public/pdf/source/20240530/61FBD9981DC96E206A7130E740881932.pdf"; VariantName = "[No Variations]"
Add component (AddParameter): Name = "Device"; Value = "TS1212TPFS 250gf 072"; VariantName = "[No Variations]"
Add component (AddParameter): Name = "Insulation Resistance"; Value = "100MΩ"; VariantName = "[No Variations]"
Add component (AddParameter): Name = "JLCPCB Part Class"; Value = "Extended Part"; VariantName = "[No Variations]"
Add component (AddParameter): Name = "LCSC Part Name"; Value = "12*12*1.2mm 立贴 轻触开关"; VariantName = "[No Variations]"
Add component (AddParameter): Name = "Manufacturer"; Value = "SHOU HAN(首韩)"; VariantName = "[No Variations]"
Add component (AddParameter): Name = "Manufacturer Part"; Value = "TS1212TPFS 250gf 072"; VariantName = "[No Variations]"
Add component (AddParameter): Name = "Mechanical Life"; Value = "10万次"; VariantName = "[No Variations]"
Add component (AddParameter): Name = "Mounting Style"; Value = "立贴"; VariantName = "[No Variations]"
Add component (AddParameter): Name = "Operating Force"; Value = "2.5N"; VariantName = "[No Variations]"
Add component (AddParameter): Name = "Operating Temperature"; Value = "-20℃~+80℃"; VariantName = "[No Variations]"
Add component (AddParameter): Name = "Pin Style"; Value = "鸥翼型"; VariantName = "[No Variations]"
Add component (AddParameter): Name = "Strike Gundam"; Value = "不带"; VariantName = "[No Variations]"
Add component (AddParameter): Name = "Supplier"; Value = "LCSC"; VariantName = "[No Variations]"
Add component (AddParameter): Name = "Supplier Footprint"; Value = "SMD-4P,12x12mm"; VariantName = "[No Variations]"
Add component (AddParameter): Name = "Supplier Part"; Value = "C2858285"; VariantName = "[No Variations]"
Add component (AddParameter): Name = "Switch Height"; Value = "1.2mm"; VariantName = "[No Variations]"
Add component (AddParameter): Name = "Switch Length"; Value = "12mm"; VariantName = "[No Variations]"
Add component (AddParameter): Name = "Switch Width"; Value = "12mm"; VariantName = "[No Variations]"
Add component (AddParameter): Name = "Symbol"; Value = "TS1212TPFS 250GF 072"; VariantName = "[No Variations]"
Add component (AddParameter): Name = "Voltage Rating (DC)"; Value = "12V"; VariantName = "[No Variations]"
Added Member To Class: ClassName=YW_001 Member=Component C1 104P
Added Member To Class: ClassName=YW_001 Member=Component C2 104P
Added Member To Class: ClassName=YW_001 Member=Component C3 104P
Added Member To Class: ClassName=YW_001 Member=Component C4 104P
Added Member To Class: ClassName=YW_001 Member=Component K1 TS1212TPFS 250gf 072
Added Member To Class: ClassName=YW_001 Member=Component K2 TS1212TPFS 250gf 072
Added Member To Class: ClassName=YW_001 Member=Component K3 TS1212TPFS 250gf 072
Added Member To Class: ClassName=YW_001 Member=Component K4 TS1212TPFS 250gf 072
Added Member To Class: ClassName=YW_001 Member=Component R19 10k
Added Member To Class: ClassName=YW_001 Member=Component R20 10k
Added Member To Class: ClassName=YW_001 Member=Component R21 10k
Added Member To Class: ClassName=YW_001 Member=Component R22 10k
Added Member To Class: ClassName=YW_001 Member=Component R36 Res2
Added Room: Name=YW_001
