C51 COMPILER V9.59.0.0   EEPROM                                                            08/17/2024 09:33:45 PAGE 1   


C51 COMPILER V9.59.0.0, COMPILATION OF MODULE EEPROM
OBJECT MODULE PLACED IN .\Objects\eeprom.obj
COMPILER INVOKED BY: D:\Worksoftware\Keil\ARM\C51\BIN\C51.EXE Hardware\eeprom.c OPTIMIZE(8,SPEED) BROWSE INCDIR(.\User;.
                    -\Hardware;.\Startup;.\Readme) DEBUG OBJECTEXTEND PRINT(.\Listings\eeprom.lst) TABS(2) OBJECT(.\Objects\eeprom.obj)

line level    source

   1          #include "eeprom.h"
   2          
   3          void IapIdle()
   4          {
   5   1        IAP_CONTR = 0; //关闭 IAP 功能
   6   1        IAP_CMD = 0; //清除命令寄存器
   7   1        IAP_TRIG = 0; //清除触发寄存器
   8   1        IAP_ADDRH = 0x80; //将地址设置到非 IAP 区域
   9   1        IAP_ADDRL = 0;
  10   1      }
  11          
  12          char IapRead(int addr)
  13          {
  14   1        char dat;
  15   1        IAP_CONTR = 0x80; //使能 IAP
  16   1        IAP_TPS = 12; //设置等待参数 12MHz
  17   1        IAP_CMD = 1; //设置 IAP 读命令
  18   1        IAP_ADDRL = addr; //设置 IAP 低地址
  19   1        IAP_ADDRH = addr >> 8; //设置 IAP 高地址
  20   1        IAP_TRIG = 0x5a; //写触发命令(0x5a)
  21   1        IAP_TRIG = 0xa5; //写触发命令(0xa5)
  22   1        _nop_();
  23   1        dat = IAP_DATA; //读 IAP 数据
  24   1        IapIdle(); //关闭 IAP 功能
  25   1        return dat;
  26   1      }
  27          void IapProgram(int addr, char dat)
  28          {
  29   1        IAP_CONTR = 0x80; //使能 IAP
  30   1        IAP_TPS = 12; //设置等待参数 12MHz
  31   1        IAP_CMD = 2; //设置 IAP 写命令
  32   1        IAP_ADDRL = addr; //设置 IAP 低地址
  33   1        IAP_ADDRH = addr >> 8; //设置 IAP 高地址
  34   1        IAP_DATA = dat; //写 IAP 数据
  35   1        IAP_TRIG = 0x5a; //写触发命令(0x5a)
  36   1        IAP_TRIG = 0xa5; //写触发命令(0xa5)
  37   1        _nop_();
  38   1        IapIdle(); //关闭 IAP 功能
  39   1      }
  40          void IapErase(int addr)
  41          {
  42   1        IAP_CONTR = 0x80; //使能 IAP
  43   1        IAP_TPS = 12; //设置等待参数 12MHz
  44   1        IAP_CMD = 3; //设置 IAP 擦除命令
  45   1        IAP_ADDRL = addr; //设置 IAP 低地址
  46   1        IAP_ADDRH = addr >> 8; //设置 IAP 高地址
  47   1        IAP_TRIG = 0x5a; //写触发命令(0x5a)
  48   1        IAP_TRIG = 0xa5; //写触发命令(0xa5)
  49   1        _nop_(); //
  50   1        IapIdle(); //关闭 IAP 功能
  51   1      }


MODULE INFORMATION:   STATIC OVERLAYABLE
C51 COMPILER V9.59.0.0   EEPROM                                                            08/17/2024 09:33:45 PAGE 2   

   CODE SIZE        =     92    ----
   CONSTANT SIZE    =   ----    ----
   XDATA SIZE       =   ----    ----
   PDATA SIZE       =   ----    ----
   DATA SIZE        =   ----    ----
   IDATA SIZE       =   ----    ----
   BIT SIZE         =   ----    ----
END OF MODULE INFORMATION.


C51 COMPILATION COMPLETE.  0 WARNING(S),  0 ERROR(S)
