C51 COMPILER V9.59.0.0   GPIO                                                              08/17/2024 09:33:44 PAGE 1   


C51 COMPILER V9.59.0.0, COMPILATION OF MODULE GPIO
OBJECT MODULE PLACED IN .\Objects\gpio.obj
COMPILER INVOKED BY: D:\Worksoftware\Keil\ARM\C51\BIN\C51.EXE Hardware\gpio.c OPTIMIZE(8,SPEED) BROWSE INCDIR(.\User;.\H
                    -ardware;.\Startup;.\Readme) DEBUG OBJECTEXTEND PRINT(.\Listings\gpio.lst) TABS(2) OBJECT(.\Objects\gpio.obj)

line level    source

   1          #include "gpio.h"
   2          
   3          void GPIO_Init(void)
   4          {
   5   1        P0M0 = 0x6f; P0M1 = 0x00; 
   6   1        P1M0 = 0x03; P1M1 = 0x00; 
   7   1        P2M0 = 0xbe; P2M1 = 0x00; 
   8   1        P3M0 = 0x00; P3M1 = 0x00; 
   9   1        P4M0 = 0x0c; P4M1 = 0x00; 
  10   1      }


MODULE INFORMATION:   STATIC OVERLAYABLE
   CODE SIZE        =     26    ----
   CONSTANT SIZE    =   ----    ----
   XDATA SIZE       =   ----    ----
   PDATA SIZE       =   ----    ----
   DATA SIZE        =   ----    ----
   IDATA SIZE       =   ----    ----
   BIT SIZE         =   ----    ----
END OF MODULE INFORMATION.


C51 COMPILATION COMPLETE.  0 WARNING(S),  0 ERROR(S)
